<?xml version="1.0" encoding="UTF-8"?>
<coverage generated="1771534600000" clover="3.2.0">
  <project timestamp="1771534600001" name="All files">
    <metrics statements="75" coveredstatements="57" conditionals="28" coveredconditionals="15" methods="32" coveredmethods="26" elements="135" coveredelements="98" complexity="0" loc="75" ncloc="75" packages="11" files="18" classes="18"/>
    <package name="src">
      <metrics statements="25" coveredstatements="18" conditionals="14" coveredconditionals="4" methods="9" coveredmethods="7"/>
      <file name="App.tsx" path="C:\Users\Felipe Dev\OneDrive\Documentos\Projetos\expense-tracker\src\App.tsx">
        <metrics statements="25" coveredstatements="18" conditionals="14" coveredconditionals="4" methods="9" coveredmethods="7"/>
        <line num="17" count="3" type="stmt"/>
        <line num="22" count="3" type="stmt"/>
        <line num="26" count="3" type="stmt"/>
        <line num="28" count="3" type="stmt"/>
        <line num="30" count="3" type="stmt"/>
        <line num="31" count="3" type="stmt"/>
        <line num="33" count="3" type="stmt"/>
        <line num="34" count="3" type="stmt"/>
        <line num="37" count="3" type="cond" truecount="1" falsecount="1"/>
        <line num="40" count="0" type="stmt"/>
        <line num="41" count="0" type="cond" truecount="0" falsecount="2"/>
        <line num="42" count="0" type="cond" truecount="0" falsecount="2"/>
        <line num="44" count="0" type="cond" truecount="0" falsecount="2"/>
        <line num="45" count="0" type="cond" truecount="0" falsecount="2"/>
        <line num="47" count="0" type="stmt"/>
        <line num="51" count="3" type="cond" truecount="1" falsecount="1"/>
        <line num="54" count="0" type="stmt"/>
        <line num="58" count="1" type="stmt"/>
        <line num="60" count="1" type="stmt"/>
        <line num="61" count="1" type="stmt"/>
        <line num="66" count="1" type="stmt"/>
        <line num="67" count="1" type="stmt"/>
        <line num="71" count="3" type="stmt"/>
        <line num="72" count="1" type="stmt"/>
        <line num="76" count="3" type="stmt"/>
      </file>
    </package>
    <package name="src.components.expenseForm">
      <metrics statements="24" coveredstatements="18" conditionals="8" coveredconditionals="6" methods="8" coveredmethods="6"/>
      <file name="ExpenseForm.module.css" path="C:\Users\Felipe Dev\OneDrive\Documentos\Projetos\expense-tracker\src\components\expenseForm\ExpenseForm.module.css">
        <metrics statements="0" coveredstatements="0" conditionals="0" coveredconditionals="0" methods="0" coveredmethods="0"/>
      </file>
      <file name="ExpenseForm.tsx" path="C:\Users\Felipe Dev\OneDrive\Documentos\Projetos\expense-tracker\src\components\expenseForm\ExpenseForm.tsx">
        <metrics statements="24" coveredstatements="18" conditionals="8" coveredconditionals="6" methods="8" coveredmethods="6"/>
        <line num="11" count="19" type="stmt"/>
        <line num="12" count="19" type="stmt"/>
        <line num="13" count="19" type="stmt"/>
        <line num="14" count="19" type="stmt"/>
        <line num="15" count="1" type="stmt"/>
        <line num="16" count="1" type="stmt"/>
        <line num="20" count="1" type="stmt"/>
        <line num="22" count="1" type="cond" truecount="5" falsecount="1"/>
        <line num="23" count="0" type="stmt"/>
        <line num="24" count="0" type="stmt"/>
        <line num="26" count="1" type="cond" truecount="1" falsecount="1"/>
        <line num="27" count="0" type="stmt"/>
        <line num="28" count="0" type="stmt"/>
        <line num="31" count="1" type="stmt"/>
        <line num="38" count="1" type="stmt"/>
        <line num="39" count="1" type="stmt"/>
        <line num="40" count="1" type="stmt"/>
        <line num="41" count="1" type="stmt"/>
        <line num="44" count="19" type="stmt"/>
        <line num="56" count="13" type="stmt"/>
        <line num="67" count="3" type="stmt"/>
        <line num="77" count="0" type="stmt"/>
        <line num="86" count="0" type="stmt"/>
        <line num="89" count="95" type="stmt"/>
      </file>
    </package>
    <package name="src.components.expenseItem">
      <metrics statements="3" coveredstatements="3" conditionals="0" coveredconditionals="0" methods="2" coveredmethods="2"/>
      <file name="ExpenseItem.module.css" path="C:\Users\Felipe Dev\OneDrive\Documentos\Projetos\expense-tracker\src\components\expenseItem\ExpenseItem.module.css">
        <metrics statements="0" coveredstatements="0" conditionals="0" coveredconditionals="0" methods="0" coveredmethods="0"/>
      </file>
      <file name="ExpenseItem.tsx" path="C:\Users\Felipe Dev\OneDrive\Documentos\Projetos\expense-tracker\src\components\expenseItem\ExpenseItem.tsx">
        <metrics statements="3" coveredstatements="3" conditionals="0" coveredconditionals="0" methods="2" coveredmethods="2"/>
        <line num="13" count="1" type="stmt"/>
        <line num="15" count="1" type="stmt"/>
        <line num="46" count="1" type="stmt"/>
      </file>
    </package>
    <package name="src.components.expenseList">
      <metrics statements="2" coveredstatements="2" conditionals="2" coveredconditionals="2" methods="2" coveredmethods="2"/>
      <file name="ExpenseList.module.css" path="C:\Users\Felipe Dev\OneDrive\Documentos\Projetos\expense-tracker\src\components\expenseList\ExpenseList.module.css">
        <metrics statements="0" coveredstatements="0" conditionals="0" coveredconditionals="0" methods="0" coveredmethods="0"/>
      </file>
      <file name="ExpenseList.tsx" path="C:\Users\Felipe Dev\OneDrive\Documentos\Projetos\expense-tracker\src\components\expenseList\ExpenseList.tsx">
        <metrics statements="2" coveredstatements="2" conditionals="2" coveredconditionals="2" methods="2" coveredmethods="2"/>
        <line num="11" count="3" type="stmt"/>
        <line num="22" count="1" type="stmt"/>
      </file>
    </package>
    <package name="src.components.expenseSummary">
      <metrics statements="1" coveredstatements="1" conditionals="0" coveredconditionals="0" methods="1" coveredmethods="1"/>
      <file name="ExpenseSummary.module.css" path="C:\Users\Felipe Dev\OneDrive\Documentos\Projetos\expense-tracker\src\components\expenseSummary\ExpenseSummary.module.css">
        <metrics statements="0" coveredstatements="0" conditionals="0" coveredconditionals="0" methods="0" coveredmethods="0"/>
      </file>
      <file name="ExpenseSummary.tsx" path="C:\Users\Felipe Dev\OneDrive\Documentos\Projetos\expense-tracker\src\components\expenseSummary\ExpenseSummary.tsx">
        <metrics statements="1" coveredstatements="1" conditionals="0" coveredconditionals="0" methods="1" coveredmethods="1"/>
        <line num="11" count="3" type="stmt"/>
      </file>
    </package>
    <package name="src.components.filters">
      <metrics statements="4" coveredstatements="2" conditionals="0" coveredconditionals="0" methods="4" coveredmethods="2"/>
      <file name="Filters.module.css" path="C:\Users\Felipe Dev\OneDrive\Documentos\Projetos\expense-tracker\src\components\filters\Filters.module.css">
        <metrics statements="0" coveredstatements="0" conditionals="0" coveredconditionals="0" methods="0" coveredmethods="0"/>
      </file>
      <file name="Filters.tsx" path="C:\Users\Felipe Dev\OneDrive\Documentos\Projetos\expense-tracker\src\components\filters\Filters.tsx">
        <metrics statements="4" coveredstatements="2" conditionals="0" coveredconditionals="0" methods="4" coveredmethods="2"/>
        <line num="19" count="1" type="stmt"/>
        <line num="30" count="0" type="stmt"/>
        <line num="35" count="5" type="stmt"/>
        <line num="50" count="0" type="stmt"/>
      </file>
    </package>
    <package name="src.components.footer">
      <metrics statements="1" coveredstatements="1" conditionals="0" coveredconditionals="0" methods="1" coveredmethods="1"/>
      <file name="Footer.module.css" path="C:\Users\Felipe Dev\OneDrive\Documentos\Projetos\expense-tracker\src\components\footer\Footer.module.css">
        <metrics statements="0" coveredstatements="0" conditionals="0" coveredconditionals="0" methods="0" coveredmethods="0"/>
      </file>
      <file name="Footer.tsx" path="C:\Users\Felipe Dev\OneDrive\Documentos\Projetos\expense-tracker\src\components\footer\Footer.tsx">
        <metrics statements="1" coveredstatements="1" conditionals="0" coveredconditionals="0" methods="1" coveredmethods="1"/>
        <line num="4" count="3" type="stmt"/>
      </file>
    </package>
    <package name="src.components.header">
      <metrics statements="1" coveredstatements="1" conditionals="0" coveredconditionals="0" methods="1" coveredmethods="1"/>
      <file name="Header.module.css" path="C:\Users\Felipe Dev\OneDrive\Documentos\Projetos\expense-tracker\src\components\header\Header.module.css">
        <metrics statements="0" coveredstatements="0" conditionals="0" coveredconditionals="0" methods="0" coveredmethods="0"/>
      </file>
      <file name="Header.tsx" path="C:\Users\Felipe Dev\OneDrive\Documentos\Projetos\expense-tracker\src\components\header\Header.tsx">
        <metrics statements="1" coveredstatements="1" conditionals="0" coveredconditionals="0" methods="1" coveredmethods="1"/>
        <line num="5" count="3" type="stmt"/>
      </file>
    </package>
    <package name="src.hooks">
      <metrics statements="11" coveredstatements="8" conditionals="2" coveredconditionals="1" methods="3" coveredmethods="3"/>
      <file name="useLocalStorage.ts" path="C:\Users\Felipe Dev\OneDrive\Documentos\Projetos\expense-tracker\src\hooks\useLocalStorage.ts">
        <metrics statements="11" coveredstatements="8" conditionals="2" coveredconditionals="1" methods="3" coveredmethods="3"/>
        <line num="7" count="3" type="stmt"/>
        <line num="8" count="1" type="stmt"/>
        <line num="9" count="1" type="stmt"/>
        <line num="10" count="1" type="cond" truecount="1" falsecount="1"/>
        <line num="12" count="0" type="stmt"/>
        <line num="13" count="0" type="stmt"/>
        <line num="17" count="3" type="stmt"/>
        <line num="18" count="3" type="stmt"/>
        <line num="19" count="3" type="stmt"/>
        <line num="21" count="0" type="stmt"/>
        <line num="25" count="3" type="stmt"/>
      </file>
    </package>
    <package name="src.types">
      <metrics statements="2" coveredstatements="2" conditionals="0" coveredconditionals="0" methods="0" coveredmethods="0"/>
      <file name="expense.ts" path="C:\Users\Felipe Dev\OneDrive\Documentos\Projetos\expense-tracker\src\types\expense.ts">
        <metrics statements="2" coveredstatements="2" conditionals="0" coveredconditionals="0" methods="0" coveredmethods="0"/>
        <line num="13" count="1" type="stmt"/>
        <line num="21" count="1" type="stmt"/>
      </file>
    </package>
    <package name="src.utils">
      <metrics statements="1" coveredstatements="1" conditionals="2" coveredconditionals="2" methods="1" coveredmethods="1"/>
      <file name="currencyFormatter.ts" path="C:\Users\Felipe Dev\OneDrive\Documentos\Projetos\expense-tracker\src\utils\currencyFormatter.ts">
        <metrics statements="1" coveredstatements="1" conditionals="2" coveredconditionals="2" methods="1" coveredmethods="1"/>
        <line num="6" count="4" type="stmt"/>
      </file>
    </package>
  </project>
</coverage>
