{"C:\\Users\\Felipe Dev\\OneDrive\\Documentos\\Projetos\\expense-tracker\\src\\App.tsx": {"path":"C:\\Users\\Felipe Dev\\OneDrive\\Documentos\\Projetos\\expense-tracker\\src\\App.tsx","statementMap":{"0":{"start":{"line":17,"column":30},"end":{"line":20,"column":null}},"1":{"start":{"line":22,"column":46},"end":{"line":24,"column":null}},"2":{"start":{"line":26,"column":42},"end":{"line":26,"column":null}},"3":{"start":{"line":28,"column":15},"end":{"line":28,"column":null}},"4":{"start":{"line":30,"column":24},"end":{"line":30,"column":null}},"5":{"start":{"line":31,"column":2},"end":{"line":31,"column":null}},"6":{"start":{"line":33,"column":26},"end":{"line":33,"column":null}},"7":{"start":{"line":34,"column":2},"end":{"line":34,"column":null}},"8":{"start":{"line":37,"column":4},"end":{"line":48,"column":null}},"9":{"start":{"line":40,"column":30},"end":{"line":40,"column":null}},"10":{"start":{"line":41,"column":10},"end":{"line":43,"column":null}},"11":{"start":{"line":42,"column":12},"end":{"line":42,"column":null}},"12":{"start":{"line":44,"column":10},"end":{"line":46,"column":null}},"13":{"start":{"line":45,"column":12},"end":{"line":45,"column":null}},"14":{"start":{"line":47,"column":10},"end":{"line":47,"column":null}},"15":{"start":{"line":51,"column":4},"end":{"line":55,"column":null}},"16":{"start":{"line":54,"column":23},"end":{"line":54,"column":null}},"17":{"start":{"line":58,"column":18},"end":{"line":58,"column":null}},"18":{"start":{"line":60,"column":4},"end":{"line":62,"column":null}},"19":{"start":{"line":61,"column":6},"end":{"line":61,"column":null}},"20":{"start":{"line":66,"column":4},"end":{"line":68,"column":null}},"21":{"start":{"line":67,"column":6},"end":{"line":67,"column":null}},"22":{"start":{"line":67,"column":46},"end":{"line":67,"column":63}},"23":{"start":{"line":71,"column":24},"end":{"line":74,"column":null}},"24":{"start":{"line":72,"column":24},"end":{"line":72,"column":null}},"25":{"start":{"line":76,"column":2},"end":{"line":100,"column":null}}},"fnMap":{"0":{"name":"App","decl":{"start":{"line":16,"column":9},"end":{"line":16,"column":15}},"loc":{"start":{"line":16,"column":15},"end":{"line":102,"column":null}},"line":16},"1":{"name":"(anonymous_1)","decl":{"start":{"line":39,"column":24},"end":{"line":39,"column":25}},"loc":{"start":{"line":39,"column":37},"end":{"line":48,"column":9}},"line":39},"2":{"name":"(anonymous_2)","decl":{"start":{"line":54,"column":10},"end":{"line":54,"column":11}},"loc":{"start":{"line":54,"column":23},"end":{"line":54,"column":null}},"line":54},"3":{"name":"addExpenseHandler","decl":{"start":{"line":57,"column":11},"end":{"line":57,"column":29}},"loc":{"start":{"line":57,"column":59},"end":{"line":63,"column":null}},"line":57},"4":{"name":"(anonymous_4)","decl":{"start":{"line":60,"column":16},"end":{"line":60,"column":17}},"loc":{"start":{"line":60,"column":34},"end":{"line":62,"column":5}},"line":60},"5":{"name":"deleteExpenseHandler","decl":{"start":{"line":65,"column":11},"end":{"line":65,"column":32}},"loc":{"start":{"line":65,"column":44},"end":{"line":69,"column":null}},"line":65},"6":{"name":"(anonymous_6)","decl":{"start":{"line":66,"column":16},"end":{"line":66,"column":17}},"loc":{"start":{"line":66,"column":34},"end":{"line":68,"column":5}},"line":66},"7":{"name":"(anonymous_7)","decl":{"start":{"line":67,"column":33},"end":{"line":67,"column":34}},"loc":{"start":{"line":67,"column":46},"end":{"line":67,"column":63}},"line":67},"8":{"name":"(anonymous_8)","decl":{"start":{"line":72,"column":4},"end":{"line":72,"column":5}},"loc":{"start":{"line":72,"column":24},"end":{"line":72,"column":null}},"line":72}},"branchMap":{"0":{"loc":{"start":{"line":37,"column":4},"end":{"line":48,"column":null}},"type":"cond-expr","locations":[{"start":{"line":38,"column":8},"end":{"line":38,"column":null}},{"start":{"line":39,"column":8},"end":{"line":48,"column":null}}],"line":37},"1":{"loc":{"start":{"line":41,"column":10},"end":{"line":43,"column":null}},"type":"if","locations":[{"start":{"line":41,"column":10},"end":{"line":43,"column":null}},{"start":{},"end":{}}],"line":41},"2":{"loc":{"start":{"line":42,"column":19},"end":{"line":42,"column":null}},"type":"binary-expr","locations":[{"start":{"line":42,"column":19},"end":{"line":42,"column":51}},{"start":{"line":42,"column":51},"end":{"line":42,"column":null}}],"line":42},"3":{"loc":{"start":{"line":44,"column":10},"end":{"line":46,"column":null}},"type":"if","locations":[{"start":{"line":44,"column":10},"end":{"line":46,"column":null}},{"start":{},"end":{}}],"line":44},"4":{"loc":{"start":{"line":45,"column":19},"end":{"line":45,"column":null}},"type":"binary-expr","locations":[{"start":{"line":45,"column":19},"end":{"line":45,"column":53}},{"start":{"line":45,"column":53},"end":{"line":45,"column":null}}],"line":45},"5":{"loc":{"start":{"line":51,"column":4},"end":{"line":55,"column":null}},"type":"cond-expr","locations":[{"start":{"line":52,"column":8},"end":{"line":52,"column":null}},{"start":{"line":53,"column":8},"end":{"line":55,"column":null}}],"line":51},"6":{"loc":{"start":{"line":86,"column":7},"end":{"line":92,"column":null}},"type":"binary-expr","locations":[{"start":{"line":86,"column":7},"end":{"line":86,"column":null}},{"start":{"line":87,"column":8},"end":{"line":92,"column":null}}],"line":86}},"s":{"0":3,"1":3,"2":3,"3":3,"4":3,"5":3,"6":3,"7":3,"8":3,"9":0,"10":0,"11":0,"12":0,"13":0,"14":0,"15":3,"16":0,"17":1,"18":1,"19":1,"20":1,"21":1,"22":1,"23":3,"24":1,"25":3},"f":{"0":3,"1":0,"2":0,"3":1,"4":1,"5":1,"6":1,"7":1,"8":1},"b":{"0":[3,0],"1":[0,0],"2":[0,0],"3":[0,0],"4":[0,0],"5":[3,0],"6":[3,1]},"meta":{"lastBranch":7,"lastFunction":9,"lastStatement":26,"seen":{"f:16:9:16:15":0,"s:17:30:20:Infinity":0,"s:22:46:24:Infinity":1,"s:26:42:26:Infinity":2,"s:28:15:28:Infinity":3,"s:30:24:30:Infinity":4,"s:31:2:31:Infinity":5,"s:33:26:33:Infinity":6,"s:34:2:34:Infinity":7,"s:37:4:48:Infinity":8,"b:38:8:38:Infinity:39:8:48:Infinity":0,"f:39:24:39:25":1,"s:40:30:40:Infinity":9,"b:41:10:43:Infinity:undefined:undefined:undefined:undefined":1,"s:41:10:43:Infinity":10,"s:42:12:42:Infinity":11,"b:42:19:42:51:42:51:42:Infinity":2,"b:44:10:46:Infinity:undefined:undefined:undefined:undefined":3,"s:44:10:46:Infinity":12,"s:45:12:45:Infinity":13,"b:45:19:45:53:45:53:45:Infinity":4,"s:47:10:47:Infinity":14,"s:51:4:55:Infinity":15,"b:52:8:52:Infinity:53:8:55:Infinity":5,"f:54:10:54:11":2,"s:54:23:54:Infinity":16,"f:57:11:57:29":3,"s:58:18:58:Infinity":17,"s:60:4:62:Infinity":18,"f:60:16:60:17":4,"s:61:6:61:Infinity":19,"f:65:11:65:32":5,"s:66:4:68:Infinity":20,"f:66:16:66:17":6,"s:67:6:67:Infinity":21,"f:67:33:67:34":7,"s:67:46:67:63":22,"s:71:24:74:Infinity":23,"f:72:4:72:5":8,"s:72:24:72:Infinity":24,"s:76:2:100:Infinity":25,"b:86:7:86:Infinity:87:8:92:Infinity":6}}}
,"C:\\Users\\Felipe Dev\\OneDrive\\Documentos\\Projetos\\expense-tracker\\src\\components\\expenseForm\\ExpenseForm.module.css": {"path":"C:\\Users\\Felipe Dev\\OneDrive\\Documentos\\Projetos\\expense-tracker\\src\\components\\expenseForm\\ExpenseForm.module.css","statementMap":{},"fnMap":{},"branchMap":{},"s":{},"f":{},"b":{},"meta":{"lastBranch":0,"lastFunction":0,"lastStatement":0,"seen":{}}}
,"C:\\Users\\Felipe Dev\\OneDrive\\Documentos\\Projetos\\expense-tracker\\src\\components\\expenseForm\\ExpenseForm.tsx": {"path":"C:\\Users\\Felipe Dev\\OneDrive\\Documentos\\Projetos\\expense-tracker\\src\\components\\expenseForm\\ExpenseForm.tsx","statementMap":{"0":{"start":{"line":11,"column":36},"end":{"line":11,"column":null}},"1":{"start":{"line":12,"column":26},"end":{"line":12,"column":null}},"2":{"start":{"line":13,"column":30},"end":{"line":13,"column":null}},"3":{"start":{"line":14,"column":22},"end":{"line":17,"column":null}},"4":{"start":{"line":15,"column":18},"end":{"line":15,"column":null}},"5":{"start":{"line":16,"column":4},"end":{"line":16,"column":null}},"6":{"start":{"line":20,"column":4},"end":{"line":20,"column":null}},"7":{"start":{"line":22,"column":4},"end":{"line":25,"column":null}},"8":{"start":{"line":23,"column":6},"end":{"line":23,"column":null}},"9":{"start":{"line":24,"column":6},"end":{"line":24,"column":null}},"10":{"start":{"line":26,"column":4},"end":{"line":29,"column":null}},"11":{"start":{"line":27,"column":6},"end":{"line":27,"column":null}},"12":{"start":{"line":28,"column":6},"end":{"line":28,"column":null}},"13":{"start":{"line":31,"column":4},"end":{"line":36,"column":null}},"14":{"start":{"line":38,"column":4},"end":{"line":38,"column":null}},"15":{"start":{"line":39,"column":4},"end":{"line":39,"column":null}},"16":{"start":{"line":40,"column":4},"end":{"line":40,"column":null}},"17":{"start":{"line":41,"column":4},"end":{"line":41,"column":null}},"18":{"start":{"line":44,"column":2},"end":{"line":99,"column":null}},"19":{"start":{"line":56,"column":25},"end":{"line":56,"column":null}},"20":{"start":{"line":67,"column":25},"end":{"line":67,"column":null}},"21":{"start":{"line":77,"column":25},"end":{"line":77,"column":null}},"22":{"start":{"line":86,"column":25},"end":{"line":86,"column":null}},"23":{"start":{"line":89,"column":10},"end":{"line":91,"column":null}}},"fnMap":{"0":{"name":"ExpenseForm","decl":{"start":{"line":10,"column":24},"end":{"line":10,"column":36}},"loc":{"start":{"line":10,"column":70},"end":{"line":101,"column":null}},"line":10},"1":{"name":"(anonymous_1)","decl":{"start":{"line":14,"column":35},"end":{"line":14,"column":41}},"loc":{"start":{"line":14,"column":41},"end":{"line":17,"column":3}},"line":14},"2":{"name":"handleSubmit","decl":{"start":{"line":19,"column":11},"end":{"line":19,"column":24}},"loc":{"start":{"line":19,"column":61},"end":{"line":42,"column":null}},"line":19},"3":{"name":"(anonymous_3)","decl":{"start":{"line":56,"column":18},"end":{"line":56,"column":19}},"loc":{"start":{"line":56,"column":25},"end":{"line":56,"column":null}},"line":56},"4":{"name":"(anonymous_4)","decl":{"start":{"line":67,"column":18},"end":{"line":67,"column":19}},"loc":{"start":{"line":67,"column":25},"end":{"line":67,"column":null}},"line":67},"5":{"name":"(anonymous_5)","decl":{"start":{"line":77,"column":18},"end":{"line":77,"column":19}},"loc":{"start":{"line":77,"column":25},"end":{"line":77,"column":null}},"line":77},"6":{"name":"(anonymous_6)","decl":{"start":{"line":86,"column":18},"end":{"line":86,"column":19}},"loc":{"start":{"line":86,"column":25},"end":{"line":86,"column":null}},"line":86},"7":{"name":"(anonymous_7)","decl":{"start":{"line":88,"column":24},"end":{"line":88,"column":25}},"loc":{"start":{"line":89,"column":10},"end":{"line":91,"column":null}},"line":89}},"branchMap":{"0":{"loc":{"start":{"line":22,"column":4},"end":{"line":25,"column":null}},"type":"if","locations":[{"start":{"line":22,"column":4},"end":{"line":25,"column":null}},{"start":{},"end":{}}],"line":22},"1":{"loc":{"start":{"line":22,"column":8},"end":{"line":22,"column":55}},"type":"binary-expr","locations":[{"start":{"line":22,"column":8},"end":{"line":22,"column":24}},{"start":{"line":22,"column":24},"end":{"line":22,"column":35}},{"start":{"line":22,"column":35},"end":{"line":22,"column":44}},{"start":{"line":22,"column":44},"end":{"line":22,"column":55}}],"line":22},"2":{"loc":{"start":{"line":26,"column":4},"end":{"line":29,"column":null}},"type":"if","locations":[{"start":{"line":26,"column":4},"end":{"line":29,"column":null}},{"start":{},"end":{}}],"line":26}},"s":{"0":19,"1":19,"2":19,"3":19,"4":1,"5":1,"6":1,"7":1,"8":0,"9":0,"10":1,"11":0,"12":0,"13":1,"14":1,"15":1,"16":1,"17":1,"18":19,"19":13,"20":3,"21":0,"22":0,"23":95},"f":{"0":19,"1":1,"2":1,"3":13,"4":3,"5":0,"6":0,"7":95},"b":{"0":[0,1],"1":[1,1,1,1],"2":[0,1]},"meta":{"lastBranch":3,"lastFunction":8,"lastStatement":24,"seen":{"f:10:24:10:36":0,"s:11:36:11:Infinity":0,"s:12:26:12:Infinity":1,"s:13:30:13:Infinity":2,"s:14:22:17:Infinity":3,"f:14:35:14:41":1,"s:15:18:15:Infinity":4,"s:16:4:16:Infinity":5,"f:19:11:19:24":2,"s:20:4:20:Infinity":6,"b:22:4:25:Infinity:undefined:undefined:undefined:undefined":0,"s:22:4:25:Infinity":7,"b:22:8:22:24:22:24:22:35:22:35:22:44:22:44:22:55":1,"s:23:6:23:Infinity":8,"s:24:6:24:Infinity":9,"b:26:4:29:Infinity:undefined:undefined:undefined:undefined":2,"s:26:4:29:Infinity":10,"s:27:6:27:Infinity":11,"s:28:6:28:Infinity":12,"s:31:4:36:Infinity":13,"s:38:4:38:Infinity":14,"s:39:4:39:Infinity":15,"s:40:4:40:Infinity":16,"s:41:4:41:Infinity":17,"s:44:2:99:Infinity":18,"f:56:18:56:19":3,"s:56:25:56:Infinity":19,"f:67:18:67:19":4,"s:67:25:67:Infinity":20,"f:77:18:77:19":5,"s:77:25:77:Infinity":21,"f:86:18:86:19":6,"s:86:25:86:Infinity":22,"f:88:24:88:25":7,"s:89:10:91:Infinity":23}}}
,"C:\\Users\\Felipe Dev\\OneDrive\\Documentos\\Projetos\\expense-tracker\\src\\components\\expenseItem\\ExpenseItem.module.css": {"path":"C:\\Users\\Felipe Dev\\OneDrive\\Documentos\\Projetos\\expense-tracker\\src\\components\\expenseItem\\ExpenseItem.module.css","statementMap":{},"fnMap":{},"branchMap":{},"s":{},"f":{},"b":{},"meta":{"lastBranch":0,"lastFunction":0,"lastStatement":0,"seen":{}}}
,"C:\\Users\\Felipe Dev\\OneDrive\\Documentos\\Projetos\\expense-tracker\\src\\components\\expenseItem\\ExpenseItem.tsx": {"path":"C:\\Users\\Felipe Dev\\OneDrive\\Documentos\\Projetos\\expense-tracker\\src\\components\\expenseItem\\ExpenseItem.tsx","statementMap":{"0":{"start":{"line":13,"column":23},"end":{"line":13,"column":null}},"1":{"start":{"line":15,"column":2},"end":{"line":52,"column":null}},"2":{"start":{"line":46,"column":25},"end":{"line":46,"column":null}}},"fnMap":{"0":{"name":"ExpenseItem","decl":{"start":{"line":12,"column":24},"end":{"line":12,"column":36}},"loc":{"start":{"line":12,"column":77},"end":{"line":54,"column":null}},"line":12},"1":{"name":"(anonymous_1)","decl":{"start":{"line":46,"column":19},"end":{"line":46,"column":25}},"loc":{"start":{"line":46,"column":25},"end":{"line":46,"column":null}},"line":46}},"branchMap":{},"s":{"0":1,"1":1,"2":1},"f":{"0":1,"1":1},"b":{},"meta":{"lastBranch":0,"lastFunction":2,"lastStatement":3,"seen":{"f:12:24:12:36":0,"s:13:23:13:Infinity":0,"s:15:2:52:Infinity":1,"f:46:19:46:25":1,"s:46:25:46:Infinity":2}}}
,"C:\\Users\\Felipe Dev\\OneDrive\\Documentos\\Projetos\\expense-tracker\\src\\components\\expenseList\\ExpenseList.module.css": {"path":"C:\\Users\\Felipe Dev\\OneDrive\\Documentos\\Projetos\\expense-tracker\\src\\components\\expenseList\\ExpenseList.module.css","statementMap":{},"fnMap":{},"branchMap":{},"s":{},"f":{},"b":{},"meta":{"lastBranch":0,"lastFunction":0,"lastStatement":0,"seen":{}}}
,"C:\\Users\\Felipe Dev\\OneDrive\\Documentos\\Projetos\\expense-tracker\\src\\components\\expenseList\\ExpenseList.tsx": {"path":"C:\\Users\\Felipe Dev\\OneDrive\\Documentos\\Projetos\\expense-tracker\\src\\components\\expenseList\\ExpenseList.tsx","statementMap":{"0":{"start":{"line":11,"column":2},"end":{"line":31,"column":null}},"1":{"start":{"line":22,"column":14},"end":{"line":26,"column":null}}},"fnMap":{"0":{"name":"ExpenseList","decl":{"start":{"line":10,"column":24},"end":{"line":10,"column":36}},"loc":{"start":{"line":10,"column":78},"end":{"line":33,"column":null}},"line":10},"1":{"name":"(anonymous_1)","decl":{"start":{"line":21,"column":26},"end":{"line":21,"column":27}},"loc":{"start":{"line":22,"column":14},"end":{"line":26,"column":null}},"line":22}},"branchMap":{"0":{"loc":{"start":{"line":17,"column":9},"end":{"line":28,"column":null}},"type":"cond-expr","locations":[{"start":{"line":18,"column":10},"end":{"line":18,"column":null}},{"start":{"line":20,"column":10},"end":{"line":28,"column":null}}],"line":17}},"s":{"0":3,"1":1},"f":{"0":3,"1":1},"b":{"0":[2,1]},"meta":{"lastBranch":1,"lastFunction":2,"lastStatement":2,"seen":{"f:10:24:10:36":0,"s:11:2:31:Infinity":0,"b:18:10:18:Infinity:20:10:28:Infinity":0,"f:21:26:21:27":1,"s:22:14:26:Infinity":1}}}
,"C:\\Users\\Felipe Dev\\OneDrive\\Documentos\\Projetos\\expense-tracker\\src\\components\\expenseSummary\\ExpenseSummary.module.css": {"path":"C:\\Users\\Felipe Dev\\OneDrive\\Documentos\\Projetos\\expense-tracker\\src\\components\\expenseSummary\\ExpenseSummary.module.css","statementMap":{},"fnMap":{},"branchMap":{},"s":{},"f":{},"b":{},"meta":{"lastBranch":0,"lastFunction":0,"lastStatement":0,"seen":{}}}
,"C:\\Users\\Felipe Dev\\OneDrive\\Documentos\\Projetos\\expense-tracker\\src\\components\\expenseSummary\\ExpenseSummary.tsx": {"path":"C:\\Users\\Felipe Dev\\OneDrive\\Documentos\\Projetos\\expense-tracker\\src\\components\\expenseSummary\\ExpenseSummary.tsx","statementMap":{"0":{"start":{"line":11,"column":2},"end":{"line":23,"column":null}}},"fnMap":{"0":{"name":"ExpenseSummary","decl":{"start":{"line":4,"column":24},"end":{"line":4,"column":39}},"loc":{"start":{"line":10,"column":3},"end":{"line":25,"column":null}},"line":10}},"branchMap":{},"s":{"0":3},"f":{"0":3},"b":{},"meta":{"lastBranch":0,"lastFunction":1,"lastStatement":1,"seen":{"f:4:24:4:39":0,"s:11:2:23:Infinity":0}}}
,"C:\\Users\\Felipe Dev\\OneDrive\\Documentos\\Projetos\\expense-tracker\\src\\components\\filters\\Filters.module.css": {"path":"C:\\Users\\Felipe Dev\\OneDrive\\Documentos\\Projetos\\expense-tracker\\src\\components\\filters\\Filters.module.css","statementMap":{},"fnMap":{},"branchMap":{},"s":{},"f":{},"b":{},"meta":{"lastBranch":0,"lastFunction":0,"lastStatement":0,"seen":{}}}
,"C:\\Users\\Felipe Dev\\OneDrive\\Documentos\\Projetos\\expense-tracker\\src\\components\\filters\\Filters.tsx": {"path":"C:\\Users\\Felipe Dev\\OneDrive\\Documentos\\Projetos\\expense-tracker\\src\\components\\filters\\Filters.tsx","statementMap":{"0":{"start":{"line":19,"column":2},"end":{"line":57,"column":null}},"1":{"start":{"line":30,"column":12},"end":{"line":30,"column":null}},"2":{"start":{"line":35,"column":12},"end":{"line":37,"column":null}},"3":{"start":{"line":50,"column":27},"end":{"line":50,"column":null}}},"fnMap":{"0":{"name":"Filters","decl":{"start":{"line":13,"column":24},"end":{"line":13,"column":32}},"loc":{"start":{"line":18,"column":17},"end":{"line":59,"column":null}},"line":18},"1":{"name":"(anonymous_1)","decl":{"start":{"line":29,"column":20},"end":{"line":29,"column":21}},"loc":{"start":{"line":30,"column":12},"end":{"line":30,"column":null}},"line":30},"2":{"name":"(anonymous_2)","decl":{"start":{"line":34,"column":26},"end":{"line":34,"column":27}},"loc":{"start":{"line":35,"column":12},"end":{"line":37,"column":null}},"line":35},"3":{"name":"(anonymous_3)","decl":{"start":{"line":50,"column":20},"end":{"line":50,"column":21}},"loc":{"start":{"line":50,"column":27},"end":{"line":50,"column":null}},"line":50}},"branchMap":{},"s":{"0":1,"1":0,"2":5,"3":0},"f":{"0":1,"1":0,"2":5,"3":0},"b":{},"meta":{"lastBranch":0,"lastFunction":4,"lastStatement":4,"seen":{"f:13:24:13:32":0,"s:19:2:57:Infinity":0,"f:29:20:29:21":1,"s:30:12:30:Infinity":1,"f:34:26:34:27":2,"s:35:12:37:Infinity":2,"f:50:20:50:21":3,"s:50:27:50:Infinity":3}}}
,"C:\\Users\\Felipe Dev\\OneDrive\\Documentos\\Projetos\\expense-tracker\\src\\components\\footer\\Footer.module.css": {"path":"C:\\Users\\Felipe Dev\\OneDrive\\Documentos\\Projetos\\expense-tracker\\src\\components\\footer\\Footer.module.css","statementMap":{},"fnMap":{},"branchMap":{},"s":{},"f":{},"b":{},"meta":{"lastBranch":0,"lastFunction":0,"lastStatement":0,"seen":{}}}
,"C:\\Users\\Felipe Dev\\OneDrive\\Documentos\\Projetos\\expense-tracker\\src\\components\\footer\\Footer.tsx": {"path":"C:\\Users\\Felipe Dev\\OneDrive\\Documentos\\Projetos\\expense-tracker\\src\\components\\footer\\Footer.tsx","statementMap":{"0":{"start":{"line":4,"column":2},"end":{"line":40,"column":null}}},"fnMap":{"0":{"name":"Footer","decl":{"start":{"line":3,"column":24},"end":{"line":3,"column":33}},"loc":{"start":{"line":3,"column":33},"end":{"line":42,"column":null}},"line":3}},"branchMap":{},"s":{"0":3},"f":{"0":3},"b":{},"meta":{"lastBranch":0,"lastFunction":1,"lastStatement":1,"seen":{"f:3:24:3:33":0,"s:4:2:40:Infinity":0}}}
,"C:\\Users\\Felipe Dev\\OneDrive\\Documentos\\Projetos\\expense-tracker\\src\\components\\header\\Header.module.css": {"path":"C:\\Users\\Felipe Dev\\OneDrive\\Documentos\\Projetos\\expense-tracker\\src\\components\\header\\Header.module.css","statementMap":{},"fnMap":{},"branchMap":{},"s":{},"f":{},"b":{},"meta":{"lastBranch":0,"lastFunction":0,"lastStatement":0,"seen":{}}}
,"C:\\Users\\Felipe Dev\\OneDrive\\Documentos\\Projetos\\expense-tracker\\src\\components\\header\\Header.tsx": {"path":"C:\\Users\\Felipe Dev\\OneDrive\\Documentos\\Projetos\\expense-tracker\\src\\components\\header\\Header.tsx","statementMap":{"0":{"start":{"line":5,"column":2},"end":{"line":17,"column":null}}},"fnMap":{"0":{"name":"Header","decl":{"start":{"line":4,"column":24},"end":{"line":4,"column":33}},"loc":{"start":{"line":4,"column":33},"end":{"line":19,"column":null}},"line":4}},"branchMap":{},"s":{"0":3},"f":{"0":3},"b":{},"meta":{"lastBranch":0,"lastFunction":1,"lastStatement":1,"seen":{"f:4:24:4:33":0,"s:5:2:17:Infinity":0}}}
,"C:\\Users\\Felipe Dev\\OneDrive\\Documentos\\Projetos\\expense-tracker\\src\\hooks\\useLocalStorage.ts": {"path":"C:\\Users\\Felipe Dev\\OneDrive\\Documentos\\Projetos\\expense-tracker\\src\\hooks\\useLocalStorage.ts","statementMap":{"0":{"start":{"line":7,"column":24},"end":{"line":15,"column":null}},"1":{"start":{"line":8,"column":4},"end":{"line":14,"column":null}},"2":{"start":{"line":9,"column":26},"end":{"line":9,"column":null}},"3":{"start":{"line":10,"column":6},"end":{"line":10,"column":null}},"4":{"start":{"line":12,"column":6},"end":{"line":12,"column":null}},"5":{"start":{"line":13,"column":6},"end":{"line":13,"column":null}},"6":{"start":{"line":17,"column":2},"end":{"line":23,"column":null}},"7":{"start":{"line":18,"column":4},"end":{"line":22,"column":null}},"8":{"start":{"line":19,"column":6},"end":{"line":19,"column":null}},"9":{"start":{"line":21,"column":6},"end":{"line":21,"column":null}},"10":{"start":{"line":25,"column":2},"end":{"line":25,"column":null}}},"fnMap":{"0":{"name":"useLocalStorage","decl":{"start":{"line":3,"column":16},"end":{"line":3,"column":null}},"loc":{"start":{"line":6,"column":36},"end":{"line":26,"column":null}},"line":6},"1":{"name":"(anonymous_1)","decl":{"start":{"line":7,"column":40},"end":{"line":7,"column":46}},"loc":{"start":{"line":7,"column":46},"end":{"line":15,"column":3}},"line":7},"2":{"name":"(anonymous_2)","decl":{"start":{"line":17,"column":12},"end":{"line":17,"column":18}},"loc":{"start":{"line":17,"column":18},"end":{"line":23,"column":5}},"line":17}},"branchMap":{"0":{"loc":{"start":{"line":10,"column":13},"end":{"line":10,"column":null}},"type":"cond-expr","locations":[{"start":{"line":10,"column":27},"end":{"line":10,"column":53}},{"start":{"line":10,"column":53},"end":{"line":10,"column":null}}],"line":10}},"s":{"0":3,"1":1,"2":1,"3":1,"4":0,"5":0,"6":3,"7":3,"8":3,"9":0,"10":3},"f":{"0":3,"1":1,"2":3},"b":{"0":[0,1]},"meta":{"lastBranch":1,"lastFunction":3,"lastStatement":11,"seen":{"f:3:16:3:Infinity":0,"s:7:24:15:Infinity":0,"f:7:40:7:46":1,"s:8:4:14:Infinity":1,"s:9:26:9:Infinity":2,"s:10:6:10:Infinity":3,"b:10:27:10:53:10:53:10:Infinity":0,"s:12:6:12:Infinity":4,"s:13:6:13:Infinity":5,"s:17:2:23:Infinity":6,"f:17:12:17:18":2,"s:18:4:22:Infinity":7,"s:19:6:19:Infinity":8,"s:21:6:21:Infinity":9,"s:25:2:25:Infinity":10}}}
,"C:\\Users\\Felipe Dev\\OneDrive\\Documentos\\Projetos\\expense-tracker\\src\\types\\expense.ts": {"path":"C:\\Users\\Felipe Dev\\OneDrive\\Documentos\\Projetos\\expense-tracker\\src\\types\\expense.ts","statementMap":{"0":{"start":{"line":13,"column":31},"end":{"line":19,"column":null}},"1":{"start":{"line":21,"column":38},"end":{"line":23,"column":null}}},"fnMap":{},"branchMap":{},"s":{"0":1,"1":1},"f":{},"b":{},"meta":{"lastBranch":0,"lastFunction":0,"lastStatement":2,"seen":{"s:13:31:19:Infinity":0,"s:21:38:23:Infinity":1}}}
,"C:\\Users\\Felipe Dev\\OneDrive\\Documentos\\Projetos\\expense-tracker\\src\\utils\\currencyFormatter.ts": {"path":"C:\\Users\\Felipe Dev\\OneDrive\\Documentos\\Projetos\\expense-tracker\\src\\utils\\currencyFormatter.ts","statementMap":{"0":{"start":{"line":6,"column":2},"end":{"line":9,"column":null}}},"fnMap":{"0":{"name":"formatCurrency","decl":{"start":{"line":1,"column":16},"end":{"line":1,"column":null}},"loc":{"start":{"line":5,"column":10},"end":{"line":10,"column":null}},"line":5}},"branchMap":{"0":{"loc":{"start":{"line":3,"column":2},"end":{"line":3,"column":null}},"type":"default-arg","locations":[{"start":{"line":3,"column":19},"end":{"line":3,"column":null}}],"line":3},"1":{"loc":{"start":{"line":4,"column":2},"end":{"line":4,"column":null}},"type":"default-arg","locations":[{"start":{"line":4,"column":21},"end":{"line":4,"column":null}}],"line":4}},"s":{"0":4},"f":{"0":4},"b":{"0":[4],"1":[4]},"meta":{"lastBranch":2,"lastFunction":1,"lastStatement":1,"seen":{"f:1:16:1:Infinity":0,"b:3:19:3:Infinity":0,"b:4:21:4:Infinity":1,"s:6:2:9:Infinity":0}}}
}
